<?xml version="1.0" encoding="UTF-8" ?>
<testsuite errors="0" failures="1" hostname="Nail-PC" name="lab1.Items.BrickTest" skipped="0" tests="1" time="0.13" timestamp="2014-11-10T11:18:14">
  <properties>
[...]
</properties>
  <testcase classname="lab1.Items.BrickTest" name="testSomeMethod" time="0.038">
    <failure message="expected:&lt; Имя: Кирпич1 Вес: 4.4&#xa;Свойства: плоский, красный, квадратный, крепкий.&gt; but was:&lt; Имя: Кирпич2 Вес: 6.1&#xa;Свойства: прямоугольный, плоский, красный, крепкий.&gt;" type="junit.framework.AssertionFailedError">junit.framework.AssertionFailedError: expected:&lt; Имя: Кирпич1 Вес: 4.4
Свойства: плоский, красный, квадратный, крепкий.&gt; but was:&lt; Имя: Кирпич2 Вес: 6.1
Свойства: прямоугольный, плоский, красный, крепкий.&gt;
	at lab1.Items.BrickTest.testSomeMethod(BrickTest.java:29)
</failure>
  </testcase>
  <system-out><![CDATA[Тест класса КИРПИЧ:
]]></system-out>
  <system-err><![CDATA[]]></system-err>
</testsuite>
